<?xml version="1.0" encoding="UTF-8"?>
<!-- Generated by org.testng.reporters.JUnitReportReporter -->
<testsuite hostname="DESKTOP-I35D3F1" failures="0" tests="3" name="OrangeHRM_Framework_TestCases.LoginTC_01" time="128.302" errors="0" timestamp="2022-09-26T15:43:32 IST" skipped="1">
  <testcase classname="OrangeHRM_Framework_TestCases.LoginTC_01" name="VerifyLogo" time="63.876"/>
  <system-out/>
  <testcase classname="OrangeHRM_Framework_TestCases.LoginTC_01" name="VerifyPageTitle" time="64.426"/>
  <system-out/>
  <testcase classname="OrangeHRM_Framework_TestCases.LoginTC_01" name="LoginTestcase_Excel">
    <skipped/>
  </testcase> <!-- LoginTestcase_Excel -->
  <system-out/>
</testsuite> <!-- OrangeHRM_Framework_TestCases.LoginTC_01 -->
